[00:52:59] [WARNING] mysql_connect: no password specified (C:\Users\breno\OneDrive\Documentos\Development\legacy-nfs-gamemode-samp\gamemodes\main.pwn:56 -> C:\Users\breno\OneDrive\Documentos\Development\legacy-nfs-gamemode-samp\pawno\include\sscanf2.inc:205 -> C:\Users\breno\OneDrive\Documentos\Development\legacy-nfs-gamemode-samp\pawno\include\YSI\YSI_coding\y_hooks\..\..\YSI_Server\y_thirdpartyinclude\..\..\indirection\indirection.inc:1246)
[00:53:04] [ERROR] CConnection::CConnection - establishing connection to MySQL database failed: #2002 'Can't connect to MySQL server on 'localhost' (10061)'
[00:53:08] [ERROR] CConnection::CConnection - establishing connection to MySQL database failed: #2002 'Can't connect to MySQL server on 'localhost' (10061)'
[00:53:12] [ERROR] CConnection::CConnection - establishing connection to MySQL database failed: #2002 'Can't connect to MySQL server on 'localhost' (10061)'
[00:53:16] [ERROR] CConnection::CConnection - establishing connection to MySQL database failed: #2002 'Can't connect to MySQL server on 'localhost' (10061)'
[01:07:45] [WARNING] mysql_connect: no password specified (C:\Users\breno\OneDrive\Documentos\Development\legacy-nfs-gamemode-samp\gamemodes\main.pwn:56 -> C:\Users\breno\OneDrive\Documentos\Development\legacy-nfs-gamemode-samp\pawno\include\sscanf2.inc:205 -> C:\Users\breno\OneDrive\Documentos\Development\legacy-nfs-gamemode-samp\pawno\include\YSI\YSI_coding\y_hooks\..\..\YSI_Server\y_thirdpartyinclude\..\..\indirection\indirection.inc:1246)
[01:32:02] [WARNING] mysql_connect: no password specified (C:\Users\breno\OneDrive\Documentos\Development\legacy-nfs-gamemode-samp\gamemodes\main.pwn:63 -> C:\Users\breno\OneDrive\Documentos\Development\legacy-nfs-gamemode-samp\pawno\include\sscanf2.inc:205 -> C:\Users\breno\OneDrive\Documentos\Development\legacy-nfs-gamemode-samp\pawno\include\YSI\YSI_coding\y_hooks\..\..\YSI_Server\y_thirdpartyinclude\..\..\indirection\indirection.inc:1246)
[01:32:32] [ERROR] mysql_tquery: callback error: callback "VerificarContaSQL" does not exist (C:\Users\breno\OneDrive\Documentos\Development\legacy-nfs-gamemode-samp\gamemodes\main.pwn:173 -> C:\Users\breno\OneDrive\Documentos\Development\legacy-nfs-gamemode-samp\pawno\include\sscanf2.inc:236 -> C:\Users\breno\OneDrive\Documentos\Development\legacy-nfs-gamemode-samp\pawno\include\YSI\YSI_coding\y_timers\y_timers_impl.inc:219 -> C:\Users\breno\OneDrive\Documentos\Development\legacy-nfs-gamemode-samp\pawno\include\YSI\YSI_coding\y_hooks\..\y_cgen\y_cgen_impl.inc:157 -> C:\Users\breno\OneDrive\Documentos\Development\legacy-nfs-gamemode-samp\pawno\include\YSI\YSI_coding\y_timers\..\..\YSI_Data\y_foreach\y_foreach_iterators.inc:696 -> C:\Users\breno\OneDrive\Documentos\Development\legacy-nfs-gamemode-samp\pawno\include\YSI\YSI_coding\y_hooks\..\..\YSI_Core\y_core\../y_utils/y_utils_ip.inc:101 -> C:\Users\breno\OneDrive\Documentos\Development\legacy-nfs-gamemode-samp\pawno\include\YSI\YSI_coding\y_hooks\..\..\YSI_Core\y_core\..\..\YSI_Players\y_android\y_android_entry.inc:168)
[01:33:40] [WARNING] mysql_connect: no password specified (C:\Users\breno\OneDrive\Documentos\Development\legacy-nfs-gamemode-samp\gamemodes\main.pwn:63 -> C:\Users\breno\OneDrive\Documentos\Development\legacy-nfs-gamemode-samp\pawno\include\sscanf2.inc:205 -> C:\Users\breno\OneDrive\Documentos\Development\legacy-nfs-gamemode-samp\pawno\include\YSI\YSI_coding\y_hooks\..\..\YSI_Server\y_thirdpartyinclude\..\..\indirection\indirection.inc:1246)
[01:34:10] [ERROR] cache_get_value_name_int: value 'NULL' is not a number (C:\Users\breno\OneDrive\Documentos\Development\legacy-nfs-gamemode-samp\gamemodes\main.pwn:104 -> C:\Users\breno\OneDrive\Documentos\Development\legacy-nfs-gamemode-samp\gamemodes\main.pwn:94)
[01:34:10] [ERROR] cache_get_value_name_int: field 'Exp' not found (C:\Users\breno\OneDrive\Documentos\Development\legacy-nfs-gamemode-samp\gamemodes\main.pwn:105 -> C:\Users\breno\OneDrive\Documentos\Development\legacy-nfs-gamemode-samp\gamemodes\main.pwn:94)
[01:34:10] [ERROR] cache_get_value_name_float: field 'PosX' not found (C:\Users\breno\OneDrive\Documentos\Development\legacy-nfs-gamemode-samp\gamemodes\main.pwn:107 -> C:\Users\breno\OneDrive\Documentos\Development\legacy-nfs-gamemode-samp\gamemodes\main.pwn:94)
[01:34:10] [ERROR] cache_get_value_name_float: field 'PosY' not found (C:\Users\breno\OneDrive\Documentos\Development\legacy-nfs-gamemode-samp\gamemodes\main.pwn:108 -> C:\Users\breno\OneDrive\Documentos\Development\legacy-nfs-gamemode-samp\gamemodes\main.pwn:94)
[01:34:10] [ERROR] cache_get_value_name_float: field 'PosZ' not found (C:\Users\breno\OneDrive\Documentos\Development\legacy-nfs-gamemode-samp\gamemodes\main.pwn:109 -> C:\Users\breno\OneDrive\Documentos\Development\legacy-nfs-gamemode-samp\gamemodes\main.pwn:94)
[01:34:10] [ERROR] cache_get_value_name_float: field 'PosA' not found (C:\Users\breno\OneDrive\Documentos\Development\legacy-nfs-gamemode-samp\gamemodes\main.pwn:110 -> C:\Users\breno\OneDrive\Documentos\Development\legacy-nfs-gamemode-samp\gamemodes\main.pwn:94)
[01:34:19] [ERROR] error #1054 while executing query "UPDATE `users` SET `Money`='500', `Level`='0', `Exp`='0', `Skin`='0', `PosX`='1962.177002', `PosY`='1343.155396', `PosZ`='15.482250', `PosA`='0.000000' WHERE `ID`='1'": Unknown column 'Exp' in 'field list' (C:\Users\breno\OneDrive\Documentos\Development\legacy-nfs-gamemode-samp\gamemodes\main.pwn:152 -> C:\Users\breno\OneDrive\Documentos\Development\legacy-nfs-gamemode-samp\gamemodes\main.pwn:182 -> C:\Users\breno\OneDrive\Documentos\Development\legacy-nfs-gamemode-samp\pawno\include\sscanf2.inc:260 -> C:\Users\breno\OneDrive\Documentos\Development\legacy-nfs-gamemode-samp\pawno\include\YSI\YSI_coding\y_timers\y_timers_impl.inc:267 -> C:\Users\breno\OneDrive\Documentos\Development\legacy-nfs-gamemode-samp\pawno\include\YSI\YSI_coding\y_timers\..\..\YSI_Data\y_foreach\y_foreach_iterators.inc:719 -> C:\Users\breno\OneDrive\Documentos\Development\legacy-nfs-gamemode-samp\pawno\include\YSI\YSI_coding\y_hooks\..\..\YSI_Core\y_core\../y_utils/y_utils_ip.inc:115 -> C:\Users\breno\OneDrive\Documentos\Development\legacy-nfs-gamemode-samp\pawno\include\YSI\YSI_coding\y_hooks\..\..\YSI_Core\y_core\..\..\YSI_Players\y_android\y_android_entry.inc:149)
[01:38:10] [WARNING] mysql_connect: no password specified (C:\Users\breno\OneDrive\Documentos\Development\legacy-nfs-gamemode-samp\gamemodes\main.pwn:62 -> C:\Users\breno\OneDrive\Documentos\Development\legacy-nfs-gamemode-samp\pawno\include\sscanf2.inc:205 -> C:\Users\breno\OneDrive\Documentos\Development\legacy-nfs-gamemode-samp\pawno\include\YSI\YSI_coding\y_hooks\..\..\YSI_Server\y_thirdpartyinclude\..\..\indirection\indirection.inc:1246)
[12:48:36] [WARNING] mysql_connect: no password specified (C:\Users\breno\OneDrive\Documentos\Development\legacy-nfs-gamemode-samp\gamemodes\main.pwn:71 -> C:\Users\breno\OneDrive\Documentos\Development\legacy-nfs-gamemode-samp\pawno\include\sscanf2.inc:205 -> C:\Users\breno\OneDrive\Documentos\Development\legacy-nfs-gamemode-samp\pawno\include\YSI\YSI_coding\y_hooks\..\..\YSI_Server\y_thirdpartyinclude\..\..\indirection\indirection.inc:1246)
[12:48:40] [ERROR] CConnection::CConnection - establishing connection to MySQL database failed: #2002 'Can't connect to MySQL server on 'localhost' (10061)'
[12:48:53] [WARNING] mysql_connect: no password specified (C:\Users\breno\OneDrive\Documentos\Development\legacy-nfs-gamemode-samp\gamemodes\main.pwn:71 -> C:\Users\breno\OneDrive\Documentos\Development\legacy-nfs-gamemode-samp\pawno\include\sscanf2.inc:205 -> C:\Users\breno\OneDrive\Documentos\Development\legacy-nfs-gamemode-samp\pawno\include\YSI\YSI_coding\y_hooks\..\..\YSI_Server\y_thirdpartyinclude\..\..\indirection\indirection.inc:1246)
[12:49:34] [ERROR] error #1146 while executing query "SELECT `Password`, `ID` FROM `Users` WHERE `Name`='Eddye'": Table 'legacy-nfs.users' doesn't exist (C:\Users\breno\OneDrive\Documentos\Development\legacy-nfs-gamemode-samp\gamemodes\main.pwn:178 -> C:\Users\breno\OneDrive\Documentos\Development\legacy-nfs-gamemode-samp\pawno\include\sscanf2.inc:236 -> C:\Users\breno\OneDrive\Documentos\Development\legacy-nfs-gamemode-samp\pawno\include\YSI\YSI_coding\y_timers\y_timers_impl.inc:219 -> C:\Users\breno\OneDrive\Documentos\Development\legacy-nfs-gamemode-samp\pawno\include\YSI\YSI_coding\y_hooks\..\y_cgen\y_cgen_impl.inc:157 -> C:\Users\breno\OneDrive\Documentos\Development\legacy-nfs-gamemode-samp\pawno\include\YSI\YSI_coding\y_timers\..\..\YSI_Data\y_foreach\y_foreach_iterators.inc:696 -> C:\Users\breno\OneDrive\Documentos\Development\legacy-nfs-gamemode-samp\pawno\include\YSI\YSI_coding\y_hooks\..\..\YSI_Core\y_core\../y_utils/y_utils_ip.inc:101 -> C:\Users\breno\OneDrive\Documentos\Development\legacy-nfs-gamemode-samp\pawno\include\YSI\YSI_coding\y_hooks\..\..\YSI_Core\y_core\..\..\YSI_Players\y_android\y_android_entry.inc:168)
[12:50:17] [WARNING] mysql_connect: no password specified (C:\Users\breno\OneDrive\Documentos\Development\legacy-nfs-gamemode-samp\gamemodes\main.pwn:71 -> C:\Users\breno\OneDrive\Documentos\Development\legacy-nfs-gamemode-samp\pawno\include\sscanf2.inc:205 -> C:\Users\breno\OneDrive\Documentos\Development\legacy-nfs-gamemode-samp\pawno\include\YSI\YSI_coding\y_hooks\..\..\YSI_Server\y_thirdpartyinclude\..\..\indirection\indirection.inc:1246)
[12:50:43] [ERROR] error #1146 while executing query "SELECT `Password`, `ID` FROM `Users` WHERE `Name`='Eddye'": Table 'legacy-nfs.users' doesn't exist (C:\Users\breno\OneDrive\Documentos\Development\legacy-nfs-gamemode-samp\gamemodes\main.pwn:178 -> C:\Users\breno\OneDrive\Documentos\Development\legacy-nfs-gamemode-samp\pawno\include\sscanf2.inc:236 -> C:\Users\breno\OneDrive\Documentos\Development\legacy-nfs-gamemode-samp\pawno\include\YSI\YSI_coding\y_timers\y_timers_impl.inc:219 -> C:\Users\breno\OneDrive\Documentos\Development\legacy-nfs-gamemode-samp\pawno\include\YSI\YSI_coding\y_hooks\..\y_cgen\y_cgen_impl.inc:157 -> C:\Users\breno\OneDrive\Documentos\Development\legacy-nfs-gamemode-samp\pawno\include\YSI\YSI_coding\y_timers\..\..\YSI_Data\y_foreach\y_foreach_iterators.inc:696 -> C:\Users\breno\OneDrive\Documentos\Development\legacy-nfs-gamemode-samp\pawno\include\YSI\YSI_coding\y_hooks\..\..\YSI_Core\y_core\../y_utils/y_utils_ip.inc:101 -> C:\Users\breno\OneDrive\Documentos\Development\legacy-nfs-gamemode-samp\pawno\include\YSI\YSI_coding\y_hooks\..\..\YSI_Core\y_core\..\..\YSI_Players\y_android\y_android_entry.inc:168)
[12:52:12] [WARNING] mysql_connect: no password specified (C:\Users\breno\OneDrive\Documentos\Development\legacy-nfs-gamemode-samp\gamemodes\main.pwn:71 -> C:\Users\breno\OneDrive\Documentos\Development\legacy-nfs-gamemode-samp\pawno\include\sscanf2.inc:205 -> C:\Users\breno\OneDrive\Documentos\Development\legacy-nfs-gamemode-samp\pawno\include\YSI\YSI_coding\y_hooks\..\..\YSI_Server\y_thirdpartyinclude\..\..\indirection\indirection.inc:1246)
[13:02:28] [WARNING] mysql_connect: no password specified (C:\Users\breno\OneDrive\Documentos\Development\legacy-nfs-gamemode-samp\gamemodes\main.pwn:71 -> C:\Users\breno\OneDrive\Documentos\Development\legacy-nfs-gamemode-samp\pawno\include\sscanf2.inc:205 -> C:\Users\breno\OneDrive\Documentos\Development\legacy-nfs-gamemode-samp\pawno\include\YSI\YSI_coding\y_hooks\..\..\YSI_Server\y_thirdpartyinclude\..\..\indirection\indirection.inc:1246)
[13:05:10] [ERROR] error #2002 while executing query "UPDATE `users` SET `Money`='500', `Level`='0', `Exp`='0', `Skin`='0', `PosX`='-2118.727783', `PosY`='250.637329', `PosZ`='36.777554', `PosA`='331.758667' WHERE `ID`='2'": Can't connect to MySQL server on 'localhost' (10061) (C:\Users\breno\OneDrive\Documentos\Development\legacy-nfs-gamemode-samp\gamemodes\main.pwn:158 -> C:\Users\breno\OneDrive\Documentos\Development\legacy-nfs-gamemode-samp\gamemodes\main.pwn:178 -> C:\Users\breno\OneDrive\Documentos\Development\legacy-nfs-gamemode-samp\pawno\include\sscanf2.inc:260 -> C:\Users\breno\OneDrive\Documentos\Development\legacy-nfs-gamemode-samp\pawno\include\YSI\YSI_coding\y_timers\y_timers_impl.inc:267 -> C:\Users\breno\OneDrive\Documentos\Development\legacy-nfs-gamemode-samp\pawno\include\YSI\YSI_coding\y_timers\..\..\YSI_Data\y_foreach\y_foreach_iterators.inc:719 -> C:\Users\breno\OneDrive\Documentos\Development\legacy-nfs-gamemode-samp\pawno\include\YSI\YSI_coding\y_hooks\..\..\YSI_Core\y_core\../y_utils/y_utils_ip.inc:115 -> C:\Users\breno\OneDrive\Documentos\Development\legacy-nfs-gamemode-samp\pawno\include\YSI\YSI_coding\y_hooks\..\..\YSI_Core\y_core\..\..\YSI_Players\y_android\y_android_entry.inc:149)
[14:56:57] [WARNING] mysql_connect: no password specified (C:\Users\breno\OneDrive\Documentos\Development\legacy-nfs-gamemode-samp\gamemodes\main.pwn:71 -> C:\Users\breno\OneDrive\Documentos\Development\legacy-nfs-gamemode-samp\pawno\include\sscanf2.inc:205 -> C:\Users\breno\OneDrive\Documentos\Development\legacy-nfs-gamemode-samp\pawno\include\YSI\YSI_coding\y_hooks\..\..\YSI_Server\y_thirdpartyinclude\..\..\indirection\indirection.inc:1246)
[15:41:41] [WARNING] mysql_connect: no password specified (C:\Users\breno\OneDrive\Documentos\Development\legacy-nfs-gamemode-samp\gamemodes\main.pwn:80 -> C:\Users\breno\OneDrive\Documentos\Development\legacy-nfs-gamemode-samp\pawno\include\sscanf2.inc:205 -> C:\Users\breno\OneDrive\Documentos\Development\legacy-nfs-gamemode-samp\pawno\include\YSI\YSI_coding\y_hooks\..\..\YSI_Server\y_thirdpartyinclude\..\..\indirection\indirection.inc:1246)
[15:52:43] [WARNING] mysql_connect: no password specified (C:\Users\breno\OneDrive\Documentos\Development\legacy-nfs-gamemode-samp\gamemodes\main.pwn:80 -> C:\Users\breno\OneDrive\Documentos\Development\legacy-nfs-gamemode-samp\pawno\include\sscanf2.inc:205 -> C:\Users\breno\OneDrive\Documentos\Development\legacy-nfs-gamemode-samp\pawno\include\YSI\YSI_coding\y_hooks\..\..\YSI_Server\y_thirdpartyinclude\..\..\indirection\indirection.inc:1246)
[17:07:09] [WARNING] mysql_connect: no password specified (C:\Users\breno\OneDrive\Documentos\Development\legacy-nfs-gamemode-samp\gamemodes\main.pwn:80 -> C:\Users\breno\OneDrive\Documentos\Development\legacy-nfs-gamemode-samp\pawno\include\sscanf2.inc:205 -> C:\Users\breno\OneDrive\Documentos\Development\legacy-nfs-gamemode-samp\pawno\include\YSI\YSI_coding\y_hooks\..\..\YSI_Server\y_thirdpartyinclude\..\..\indirection\indirection.inc:1246)
[17:25:07] [WARNING] mysql_connect: no password specified (C:\Users\breno\OneDrive\Documentos\Development\legacy-nfs-gamemode-samp\gamemodes\main.pwn:80 -> C:\Users\breno\OneDrive\Documentos\Development\legacy-nfs-gamemode-samp\pawno\include\sscanf2.inc:205 -> C:\Users\breno\OneDrive\Documentos\Development\legacy-nfs-gamemode-samp\pawno\include\YSI\YSI_coding\y_hooks\..\..\YSI_Server\y_thirdpartyinclude\..\..\indirection\indirection.inc:1246)
[14/05/2023 11:02:11] [WARNING] mysql_connect: no password specified
[14/05/2023 11:02:15] [ERROR] CConnection::CConnection - establishing connection to MySQL database failed: #2002 'Can't connect to MySQL server on 'localhost' (10061)'
[14/05/2023 11:02:19] [ERROR] CConnection::CConnection - establishing connection to MySQL database failed: #2002 'Can't connect to MySQL server on 'localhost' (10061)'
[14/05/2023 11:02:23] [ERROR] CConnection::CConnection - establishing connection to MySQL database failed: #2002 'Can't connect to MySQL server on 'localhost' (10061)'
[14/05/2023 11:02:37] [WARNING] mysql_connect: no password specified
[14/05/2023 11:02:52] [WARNING] mysql_connect: no password specified
[02/09/2023 20:13:27] [WARNING] mysql_connect: no password specified
[02/09/2023 20:13:32] [ERROR] CConnection::CConnection - establishing connection to MySQL database failed: #2002 'Can't connect to MySQL server on 'localhost' (10061)'
[02/09/2023 20:13:36] [ERROR] CConnection::CConnection - establishing connection to MySQL database failed: #2002 'Can't connect to MySQL server on 'localhost' (10061)'
[02/09/2023 20:13:40] [ERROR] CConnection::CConnection - establishing connection to MySQL database failed: #2002 'Can't connect to MySQL server on 'localhost' (10061)'
[02/09/2023 20:13:44] [ERROR] CConnection::CConnection - establishing connection to MySQL database failed: #2002 'Can't connect to MySQL server on 'localhost' (10061)'
[02/09/2023 20:14:46] [ERROR] mysql_format: can't escape string 'Eddye'
[02/09/2023 20:16:08] [WARNING] mysql_connect: no password specified
[02/09/2023 20:18:03] [WARNING] mysql_connect: no password specified
[14/12/2023 19:08:21] [WARNING] mysql_connect: no password specified
[14/12/2023 19:08:25] [ERROR] CConnection::CConnection - establishing connection to MySQL database failed: #2002 'Can't connect to MySQL server on 'localhost' (10061)'
[14/12/2023 19:08:29] [ERROR] CConnection::CConnection - establishing connection to MySQL database failed: #2002 'Can't connect to MySQL server on 'localhost' (10061)'
[14/12/2023 19:08:33] [ERROR] CConnection::CConnection - establishing connection to MySQL database failed: #2002 'Can't connect to MySQL server on 'localhost' (10061)'
[14/12/2023 19:08:38] [ERROR] CConnection::CConnection - establishing connection to MySQL database failed: #2002 'Can't connect to MySQL server on 'localhost' (10061)'
[14/12/2023 19:50:59] [WARNING] mysql_connect: no password specified
[14/12/2023 19:51:03] [ERROR] CConnection::CConnection - establishing connection to MySQL database failed: #2002 'Can't connect to MySQL server on 'localhost' (10061)'
[14/12/2023 19:51:07] [ERROR] CConnection::CConnection - establishing connection to MySQL database failed: #1049 'Unknown database 'legacy-nfs''
[14/12/2023 19:51:07] [ERROR] CConnection::CConnection - establishing connection to MySQL database failed: #1049 'Unknown database 'legacy-nfs''
[14/12/2023 19:51:07] [ERROR] CConnection::CConnection - establishing connection to MySQL database failed: #1049 'Unknown database 'legacy-nfs''
[14/12/2023 19:52:35] [WARNING] mysql_connect: no password specified
[14/12/2023 19:53:45] [WARNING] mysql_connect: no password specified
[14/12/2023 22:48:18] [WARNING] mysql_connect: no password specified
[14/12/2023 22:49:44] [ERROR] error #1064 while executing query "INSERT INTO houses (Type, OwnerID, Price, PosX, PosY, PosZ) VALUES (%d, %d, %f, %f, %f)": You have an error in your SQL syntax; check the manual that corresponds to your MariaDB server version for the right syntax to use near '%d, %d, %f, %f, %f)' at line 1
[14/12/2023 22:50:28] [ERROR] error #1064 while executing query "INSERT INTO houses (Type, OwnerID, Price, PosX, PosY, PosZ) VALUES (%d, %d, %f, %f, %f)": You have an error in your SQL syntax; check the manual that corresponds to your MariaDB server version for the right syntax to use near '%d, %d, %f, %f, %f)' at line 1
[14/12/2023 22:58:38] [WARNING] mysql_connect: no password specified
[14/12/2023 23:00:26] [WARNING] mysql_connect: no password specified
[14/12/2023 23:01:11] [ERROR] error #1064 while executing query "INSERT INTO houses (Type, OwnerID, Price, PosX, PosY, PosZ) VALUES (%d, %d, %f, %f, %f)": You have an error in your SQL syntax; check the manual that corresponds to your MariaDB server version for the right syntax to use near '%d, %d, %f, %f, %f)' at line 1
[14/12/2023 23:05:52] [WARNING] mysql_connect: no password specified
[14/12/2023 23:06:49] [ERROR] error #1064 while executing query "INSERT INTO houses (Type, OwnerID, Price, PosX, PosY, PosZ) VALUES (%d, %d, %f, %f, %f)": You have an error in your SQL syntax; check the manual that corresponds to your MariaDB server version for the right syntax to use near '%d, %d, %f, %f, %f)' at line 1
[14/12/2023 23:10:01] [WARNING] mysql_connect: no password specified
[14/12/2023 23:10:53] [ERROR] error #1064 while executing query "INSERT INTO houses (Type, OwnerID, Price, PosX, PosY, PosZ) VALUES (%d, %d, %f, %f, %f)": You have an error in your SQL syntax; check the manual that corresponds to your MariaDB server version for the right syntax to use near '%d, %d, %f, %f, %f)' at line 1
[14/12/2023 23:11:13] [ERROR] error #1064 while executing query "INSERT INTO houses (Type, OwnerID, Price, PosX, PosY, PosZ) VALUES (%d, %d, %f, %f, %f)": You have an error in your SQL syntax; check the manual that corresponds to your MariaDB server version for the right syntax to use near '%d, %d, %f, %f, %f)' at line 1
[14/12/2023 23:11:18] [ERROR] error #1064 while executing query "INSERT INTO houses (Type, OwnerID, Price, PosX, PosY, PosZ) VALUES (%d, %d, %f, %f, %f)": You have an error in your SQL syntax; check the manual that corresponds to your MariaDB server version for the right syntax to use near '%d, %d, %f, %f, %f)' at line 1
[14/12/2023 23:23:09] [WARNING] mysql_connect: no password specified
[14/12/2023 23:23:39] [ERROR] error #1064 while executing query "INSERT INTO houses (Type, OwnerID, Price, PosX, PosY, PosZ) VALUES (%d, %d, %f, %f, %f)": You have an error in your SQL syntax; check the manual that corresponds to your MariaDB server version for the right syntax to use near '%d, %d, %f, %f, %f)' at line 1
[14/12/2023 23:27:04] [WARNING] mysql_connect: no password specified
[14/12/2023 23:28:15] [ERROR] error #1064 while executing query "INSERT INTO houses (Type, OwnerID, Price, PosX, PosY, PosZ) VALUES (%d, %d, %f, %f, %f)": You have an error in your SQL syntax; check the manual that corresponds to your MariaDB server version for the right syntax to use near '%d, %d, %f, %f, %f)' at line 1
[14/12/2023 23:35:58] [WARNING] mysql_connect: no password specified
[14/12/2023 23:36:36] [ERROR] error #1064 while executing query "INSERT INTO houses (Type, OwnerID, Price, PosX, PosY, PosZ) VALUES (%d, %d, %f, %f, %f)": You have an error in your SQL syntax; check the manual that corresponds to your MariaDB server version for the right syntax to use near '%d, %d, %f, %f, %f)' at line 1
[14/12/2023 23:38:20] [WARNING] mysql_connect: no password specified
[14/12/2023 23:38:55] [ERROR] error #1064 while executing query "INSERT INTO houses (Type, OwnerID, Price, PosX, PosY, PosZ) VALUES (%d, %d, %f, %f, %f)": You have an error in your SQL syntax; check the manual that corresponds to your MariaDB server version for the right syntax to use near '%d, %d, %f, %f, %f)' at line 1
[14/12/2023 23:40:11] [WARNING] mysql_connect: no password specified
[14/12/2023 23:40:58] [ERROR] error #1064 while executing query "INSERT INTO houses (Type, OwnerID, Price, PosX, PosY, PosZ) VALUES ('0', %d, %d, %f, %f, %f)": You have an error in your SQL syntax; check the manual that corresponds to your MariaDB server version for the right syntax to use near '%d, %d, %f, %f, %f)' at line 1
[14/12/2023 23:45:21] [WARNING] mysql_connect: no password specified
[14/12/2023 23:48:26] [WARNING] mysql_connect: no password specified
[14/12/2023 23:49:02] [ERROR] error #1452 while executing query "INSERT INTO houses (Type, OwnerID, Price, PosX, PosY, PosZ) VALUES (0, 0, 65535, -2425.687500, 337.614288, 37.001114)": Cannot add or update a child row: a foreign key constraint fails (`open-rp`.`houses`, CONSTRAINT `houses_ibfk_1` FOREIGN KEY (`OwnerID`) REFERENCES `users` (`ID`) ON DELETE CASCADE ON UPDATE CASCADE)
[15/12/2023 12:52:32] [WARNING] mysql_connect: no password specified
[15/12/2023 12:53:09] [ERROR] error #1452 while executing query "INSERT INTO houses (Type, OwnerID, Price, PosX, PosY, PosZ) VALUES (0, 0, 65535, -2425.468506, 337.695648, 37.002113)": Cannot add or update a child row: a foreign key constraint fails (`open-rp`.`houses`, CONSTRAINT `houses_ibfk_1` FOREIGN KEY (`OwnerID`) REFERENCES `users` (`ID`) ON DELETE CASCADE ON UPDATE CASCADE)
[15/12/2023 12:56:39] [WARNING] mysql_connect: no password specified
[15/12/2023 12:57:31] [ERROR] error #1452 while executing query "INSERT INTO `houses` (`Type`, `OwnerID`, `Price`, `PosX`, `PosY`, `PosZ`) VALUES (0, 0, 0.000000, -2425.815918, 337.711823, 37.000092)": Cannot add or update a child row: a foreign key constraint fails (`open-rp`.`houses`, CONSTRAINT `houses_ibfk_1` FOREIGN KEY (`OwnerID`) REFERENCES `users` (`ID`) ON DELETE CASCADE ON UPDATE CASCADE)
[15/12/2023 12:59:33] [WARNING] mysql_connect: no password specified
[15/12/2023 13:00:14] [ERROR] error #1452 while executing query "INSERT INTO `houses` (`Type`, `OwnerID`, `Price`, `PosX`, `PosY`, `PosZ`) VALUES (0, 0, 65535, -2425.790283, 337.809692, 37.000122)": Cannot add or update a child row: a foreign key constraint fails (`open-rp`.`houses`, CONSTRAINT `houses_ibfk_1` FOREIGN KEY (`OwnerID`) REFERENCES `users` (`ID`) ON DELETE CASCADE ON UPDATE CASCADE)
[15/12/2023 13:10:45] [WARNING] mysql_connect: no password specified
[15/12/2023 14:20:55] [WARNING] mysql_connect: no password specified
[15/12/2023 14:25:13] [ERROR] error #1136 while executing query "INSERT INTO `houses` (`Type`, `OwnerID`, `Price`, `PosX`, `PosY`, `PosZ`) VALUES (0, 0, 3, 65535, -2358.568359, 679.384827, 35.164063)": Column count doesn't match value count at row 1
[15/12/2023 14:25:13] [ERROR] cache_insert_id: no active cache
[15/12/2023 14:25:24] [ERROR] error #1136 while executing query "INSERT INTO `houses` (`Type`, `OwnerID`, `Price`, `PosX`, `PosY`, `PosZ`) VALUES (0, 0, 3, 65535, -2358.804932, 679.078735, 35.164063)": Column count doesn't match value count at row 1
[15/12/2023 14:25:24] [ERROR] cache_insert_id: no active cache
[15/12/2023 14:28:56] [WARNING] mysql_connect: no password specified
[15/12/2023 14:29:45] [ERROR] cache_set_active: invalid cache id '1'
[15/12/2023 14:29:45] [ERROR] error #1136 while executing query "INSERT INTO `houses` (`Type`, `OwnerID`, `Price`, `PosX`, `PosY`, `PosZ`) VALUES (0, 0, 3, 65535, -2358.612549, 679.466492, 35.164063)": Column count doesn't match value count at row 1
[15/12/2023 14:29:45] [ERROR] cache_insert_id: no active cache
[15/12/2023 14:29:45] [ERROR] cache_set_active: invalid cache id '1'
[15/12/2023 14:32:03] [WARNING] mysql_connect: no password specified
[15/12/2023 14:33:33] [ERROR] cache_set_active: invalid cache id '1'
[15/12/2023 15:16:15] [WARNING] mysql_connect: no password specified
[24/12/2024 13:52:43] [WARNING] mysql_connect: no password specified
[24/12/2024 13:52:47] [ERROR] CConnection::CConnection - establishing connection to MySQL database failed: #2002 'Can't connect to MySQL server on 'localhost' (10061)'
[24/12/2024 13:52:52] [ERROR] CConnection::CConnection - establishing connection to MySQL database failed: #2002 'Can't connect to MySQL server on 'localhost' (10061)'
[24/12/2024 13:52:56] [ERROR] CConnection::CConnection - establishing connection to MySQL database failed: #2002 'Can't connect to MySQL server on 'localhost' (10061)'
[24/12/2024 13:53:00] [ERROR] CConnection::CConnection - establishing connection to MySQL database failed: #2002 'Can't connect to MySQL server on 'localhost' (10061)'
[24/12/2024 14:04:25] [WARNING] mysql_connect: no password specified
[24/12/2024 14:04:30] [ERROR] CConnection::CConnection - establishing connection to MySQL database failed: #2002 'Can't connect to MySQL server on 'localhost' (10061)'
[24/12/2024 14:04:34] [ERROR] CConnection::CConnection - establishing connection to MySQL database failed: #2002 'Can't connect to MySQL server on 'localhost' (10061)'
[24/12/2024 14:04:38] [ERROR] CConnection::CConnection - establishing connection to MySQL database failed: #2002 'Can't connect to MySQL server on 'localhost' (10061)'
[24/12/2024 14:04:42] [ERROR] CConnection::CConnection - establishing connection to MySQL database failed: #2002 'Can't connect to MySQL server on 'localhost' (10061)'
[24/12/2024 15:14:50] [WARNING] mysql_connect: no password specified
[24/12/2024 15:14:54] [ERROR] CConnection::CConnection - establishing connection to MySQL database failed: #2002 'Can't connect to MySQL server on 'localhost' (10061)'
[24/12/2024 15:14:58] [ERROR] CConnection::CConnection - establishing connection to MySQL database failed: #2002 'Can't connect to MySQL server on 'localhost' (10061)'
[24/12/2024 15:15:02] [ERROR] CConnection::CConnection - establishing connection to MySQL database failed: #2002 'Can't connect to MySQL server on 'localhost' (10061)'
[24/12/2024 15:15:06] [ERROR] CConnection::CConnection - establishing connection to MySQL database failed: #2002 'Can't connect to MySQL server on 'localhost' (10061)'
[24/12/2024 15:16:35] [ERROR] mysql_format: can't escape string 'Eddye'
[24/12/2024 15:17:30] [WARNING] mysql_connect: no password specified
[24/12/2024 15:17:39] [ERROR] error #1146 while executing query "SELECT `Password`, `ID` FROM `Users` WHERE `Name`='Eddye'": Table 'open-rp.users' doesn't exist
